{
  "stats": {
    "suites": 1,
    "tests": 11,
    "passes": 11,
    "pending": 0,
    "failures": 0,
    "start": "2021-10-06T14:00:11.872Z",
    "end": "2021-10-06T14:00:21.189Z",
    "duration": 9317,
    "testsRegistered": 11,
    "passPercent": 100,
    "pendingPercent": 0,
    "other": 0,
    "hasOther": false,
    "skipped": 0,
    "hasSkipped": false
  },
  "results": [
    {
      "uuid": "168a74c4-8554-49d8-85fc-dfeacb769bca",
      "title": "",
      "fullFile": "cypress/integration/tjvb.js",
      "file": "cypress/integration/tjvb.js",
      "beforeHooks": [],
      "afterHooks": [],
      "tests": [],
      "suites": [
        {
          "uuid": "19b5aec6-6ba8-4cd5-a329-1c2b8f814b18",
          "title": "This is Group of Testcases",
          "fullFile": "",
          "file": "",
          "beforeHooks": [],
          "afterHooks": [],
          "tests": [
            {
              "title": "Loading Site",
              "fullTitle": "This is Group of Testcases Loading Site",
              "timedOut": null,
              "duration": 1692,
              "state": "passed",
              "speed": "slow",
              "pass": true,
              "fail": false,
              "pending": false,
              "context": null,
              "code": "cy.visit(\"https://tanuj-vishnoi.github.io/site/examples/actions\");\ncy.log(\"Successfully Visited\");",
              "err": {},
              "uuid": "c349d5e6-c11d-4368-a8f5-d4f8ee2d46c8",
              "parentUUID": "19b5aec6-6ba8-4cd5-a329-1c2b8f814b18",
              "isHook": false,
              "skipped": false
            },
            {
              "title": "Text Test",
              "fullTitle": "This is Group of Testcases Text Test",
              "timedOut": null,
              "duration": 574,
              "state": "passed",
              "speed": "slow",
              "pass": true,
              "fail": false,
              "pending": false,
              "context": null,
              "code": "cy.get('#text').clear().type(\"Vaibhav\");\ncy.get(\"#result_button_text\").click();\ncy.get('#clear_result_button_text').should('be.enabled');\ncy.get('#result_text').should('have.text', 'You entered text: \"Vaibhav\"');\ncy.get('#clear_result_button_text').click();\ncy.get('#result_text').invoke('attr', 'style', 'display: none').should('have.attr', 'style', 'display: none');\ncy.log(\"Successfully Tested\");",
              "err": {},
              "uuid": "5fb0e6d2-8da3-4741-8954-8fd17268bbb2",
              "parentUUID": "19b5aec6-6ba8-4cd5-a329-1c2b8f814b18",
              "isHook": false,
              "skipped": false
            },
            {
              "title": "Number Test",
              "fullTitle": "This is Group of Testcases Number Test",
              "timedOut": null,
              "duration": 452,
              "state": "passed",
              "speed": "slow",
              "pass": true,
              "fail": false,
              "pending": false,
              "context": null,
              "code": "cy.get('#number').clear().type(\"10\");\ncy.get('#result_button_number').click();\ncy.get('#clear_result_button_number').should('be.enabled');\ncy.get('#result_number').should('have.text', 'You entered number: \"10\"');\ncy.get('#clear_result_button_number').click();\ncy.get('#result_number').invoke('attr', 'style', 'display: none').should('have.attr', 'style', 'display: none');\ncy.log(\"Successfully Tested\");",
              "err": {},
              "uuid": "02744277-a7ac-427d-9cf7-2de0c80aee58",
              "parentUUID": "19b5aec6-6ba8-4cd5-a329-1c2b8f814b18",
              "isHook": false,
              "skipped": false
            },
            {
              "title": "Text-Area Test",
              "fullTitle": "This is Group of Testcases Text-Area Test",
              "timedOut": null,
              "duration": 666,
              "state": "passed",
              "speed": "slow",
              "pass": true,
              "fail": false,
              "pending": false,
              "context": null,
              "code": "cy.get('#text_area').clear().type(\"This is Vaibhav here\");\ncy.get('#result_button_text_area').click();\ncy.get('#clear_result_button_text_area').should('be.enabled');\ncy.get('#result_text_area').should('have.text', 'You entered text area: \"This is Vaibhav here\"');\ncy.get('#clear_result_button_text_area').click();\ncy.get('#result_text_area').invoke('attr', 'style', 'display: none').should('have.attr', 'style', 'display: none');\ncy.log(\"Successfully Tested\");",
              "err": {},
              "uuid": "ca6caed7-a5cc-4148-b9fd-6b829e0d4565",
              "parentUUID": "19b5aec6-6ba8-4cd5-a329-1c2b8f814b18",
              "isHook": false,
              "skipped": false
            },
            {
              "title": "button Test",
              "fullTitle": "This is Group of Testcases button Test",
              "timedOut": null,
              "duration": 227,
              "state": "passed",
              "speed": "slow",
              "pass": true,
              "fail": false,
              "pending": false,
              "context": null,
              "code": "cy.get('#show_text').should('be.enabled');\ncy.get('[name=\"hide_text\"]').should('be.disabled'); //Show Text button Test\ncy.get('#show_text').click();\ncy.get('#show_me').should('have.text', 'I am here!');\ncy.get('[name=\"hide_text\"]').should('be.enabled');\ncy.get('#show_text').should('be.disabled'); //Hide Text button test\ncy.get('[name=\"hide_text\"]').click();\ncy.get('#show_text').should('be.enabled');\ncy.get('[name=\"hide_text\"]').should('be.disabled');\ncy.log(\"Successfully Tested\");",
              "err": {},
              "uuid": "91cb325b-2fdf-41f2-b9c2-f9520733d53f",
              "parentUUID": "19b5aec6-6ba8-4cd5-a329-1c2b8f814b18",
              "isHook": false,
              "skipped": false
            },
            {
              "title": "Link Test",
              "fullTitle": "This is Group of Testcases Link Test",
              "timedOut": null,
              "duration": 1164,
              "state": "passed",
              "speed": "slow",
              "pass": true,
              "fail": false,
              "pending": false,
              "context": null,
              "code": "// href link1\ncy.get('#link1').invoke('removeAttr', 'target').click();\ncy.go('back');\ncy.get('#homepage_link').click();\ncy.go('back');\ncy.log(\"Successfully Tested\");",
              "err": {},
              "uuid": "58392202-2693-45a4-b3f7-3ce6ab4caad9",
              "parentUUID": "19b5aec6-6ba8-4cd5-a329-1c2b8f814b18",
              "isHook": false,
              "skipped": false
            },
            {
              "title": "Checkbox Test",
              "fullTitle": "This is Group of Testcases Checkbox Test",
              "timedOut": null,
              "duration": 300,
              "state": "passed",
              "speed": "slow",
              "pass": true,
              "fail": false,
              "pending": false,
              "context": null,
              "code": "cy.get('[type=\"checkbox\"]').check(['Option 1', 'Option 3']);\ncy.get('#result_button_checkbox').click();\ncy.get('#result_checkbox').should('have.text', 'You selected value(s): Option 1, Option 3');\ncy.log(\"Successfully Tested\");",
              "err": {},
              "uuid": "319f055c-a234-4c2e-801b-ec1f3d79d7a6",
              "parentUUID": "19b5aec6-6ba8-4cd5-a329-1c2b8f814b18",
              "isHook": false,
              "skipped": false
            },
            {
              "title": "RadioButton Test",
              "fullTitle": "This is Group of Testcases RadioButton Test",
              "timedOut": null,
              "duration": 217,
              "state": "passed",
              "speed": "slow",
              "pass": true,
              "fail": false,
              "pending": false,
              "context": null,
              "code": "cy.get('[type=\"radio\"]').check('Option 2');\ncy.get('#result_button_ratio').click();\ncy.get('#result_radio').should('have.text', 'You selected option: Option 2');\ncy.log(\"Successfully Tested\");",
              "err": {},
              "uuid": "37f88c2e-d9cc-47b1-8759-6d228bb9a284",
              "parentUUID": "19b5aec6-6ba8-4cd5-a329-1c2b8f814b18",
              "isHook": false,
              "skipped": false
            },
            {
              "title": "DropDown Test",
              "fullTitle": "This is Group of Testcases DropDown Test",
              "timedOut": null,
              "duration": 531,
              "state": "passed",
              "speed": "slow",
              "pass": true,
              "fail": false,
              "pending": false,
              "context": null,
              "code": "cy.get('select').select('value1').should('have.value', 'value1');\ncy.get('select').select('value2').should('have.value', 'value2');\ncy.get('select').select('value3').should('have.value', 'value3');\ncy.log(\"Successfully Tested\");",
              "err": {},
              "uuid": "6ae98d29-8273-4a92-be7a-1d1efdb04418",
              "parentUUID": "19b5aec6-6ba8-4cd5-a329-1c2b8f814b18",
              "isHook": false,
              "skipped": false
            },
            {
              "title": "Date Test",
              "fullTitle": "This is Group of Testcases Date Test",
              "timedOut": null,
              "duration": 395,
              "state": "passed",
              "speed": "slow",
              "pass": true,
              "fail": false,
              "pending": false,
              "context": null,
              "code": "cy.get('#vfb-8').type('11/02/2020');\ncy.get('#result_button_date').click({\n  force: true\n});\ncy.get('#result_date').should('have.text', 'You entered date: 11/02/2020');\ncy.log(\"Successfully Tested\");",
              "err": {},
              "uuid": "b01ce20a-8020-48fa-8b4d-73b888945369",
              "parentUUID": "19b5aec6-6ba8-4cd5-a329-1c2b8f814b18",
              "isHook": false,
              "skipped": false
            },
            {
              "title": "DragNdDrop Test",
              "fullTitle": "This is Group of Testcases DragNdDrop Test",
              "timedOut": null,
              "duration": 750,
              "state": "passed",
              "speed": "slow",
              "pass": true,
              "fail": false,
              "pending": false,
              "context": null,
              "code": "cy.get('#box').drag('#drag_box2');\ncy.get('#result_text').invoke('attr', 'draggable', 'true').should('have.attr', 'draggable', 'true');\ncy.log(\"Box dragged Successfully\");",
              "err": {},
              "uuid": "42584cbd-84fe-492d-be11-49f440984a66",
              "parentUUID": "19b5aec6-6ba8-4cd5-a329-1c2b8f814b18",
              "isHook": false,
              "skipped": false
            }
          ],
          "suites": [],
          "passes": [
            "c349d5e6-c11d-4368-a8f5-d4f8ee2d46c8",
            "5fb0e6d2-8da3-4741-8954-8fd17268bbb2",
            "02744277-a7ac-427d-9cf7-2de0c80aee58",
            "ca6caed7-a5cc-4148-b9fd-6b829e0d4565",
            "91cb325b-2fdf-41f2-b9c2-f9520733d53f",
            "58392202-2693-45a4-b3f7-3ce6ab4caad9",
            "319f055c-a234-4c2e-801b-ec1f3d79d7a6",
            "37f88c2e-d9cc-47b1-8759-6d228bb9a284",
            "6ae98d29-8273-4a92-be7a-1d1efdb04418",
            "b01ce20a-8020-48fa-8b4d-73b888945369",
            "42584cbd-84fe-492d-be11-49f440984a66"
          ],
          "failures": [],
          "pending": [],
          "skipped": [],
          "duration": 6968,
          "root": false,
          "rootEmpty": false,
          "_timeout": 2000
        }
      ],
      "passes": [],
      "failures": [],
      "pending": [],
      "skipped": [],
      "duration": 0,
      "root": true,
      "rootEmpty": true,
      "_timeout": 2000
    }
  ],
  "meta": {
    "mocha": {
      "version": "7.0.1"
    },
    "mochawesome": {
      "options": {
        "quiet": false,
        "reportFilename": "mochawesome",
        "saveHtml": false,
        "saveJson": true,
        "consoleReporter": "spec",
        "useInlineDiffs": false,
        "code": true
      },
      "version": "6.3.0"
    },
    "marge": {
      "options": {
        "id": "default",
        "reportDir": "cypress/results",
        "quite": true,
        "overwrite": false,
        "html": false,
        "json": true
      },
      "version": "5.2.0"
    }
  }
}